<?xml version="1.0" encoding="UTF-8"?>
<testsuite name="BirdWatcherTest" tests="1" skipped="0" failures="0" errors="0" timestamp="2021-11-14T18:18:06" hostname="Ahmeds-MacBook-Pro.local" time="41.249">
  <properties/>
  <testcase name="itIncrementTodaysCount" classname="BirdWatcherTest" time="41.249"/>
  <system-out><![CDATA[]]></system-out>
  <system-err><![CDATA[]]></system-err>
</testsuite>
